[03/15 at 23:51:34] Configuration file generated
[03/15 at 23:52:54] The program gygylenoob was launched.
[03/15 at 23:52:54] The program WSH_ALOR was launched.
[03/15 at 23:52:54] Can't launch the program salut due to an invalid working dir
[03/15 at 23:52:54] The program create_file was launched.
[03/15 at 23:52:54] The program test was launched.
[03/15 at 23:52:54] Can't launch the program salut due to an invalid working dir
[03/15 at 23:52:54] The program petit_test was launched.
[03/15 at 23:52:54] Can't launch the program lol due to an invalid working dir
[03/15 at 23:52:54] Can't launch the program salut due to an invalid working dir
[03/15 at 23:52:54] Can't launch the program salut due to an invalid working dir
[03/15 at 23:52:54] Can't launch the program bonjour due to an invalid working dir
[03/15 at 23:52:59] The program petit_test was stopped.
[03/15 at 23:52:59] The program create_file was stopped.
[03/15 at 23:52:59] The program gygylenoob was stopped.
[03/15 at 23:52:59] The program WSH_ALOR was stopped.
[03/15 at 23:53:19] The program test was stopped.
[03/15 at 23:58:36] Taskmaster exited.
[03/16 at 00:23:17] Taskmaster exited.
[03/16 at 01:06:25] The program test was launched.
[03/16 at 01:06:28] The program test was launched.
[03/16 at 01:06:29] The program test was launched.
[03/16 at 01:06:30] The program test was launched.
[03/16 at 01:06:31] The program test was launched.
[03/16 at 01:06:32] The program test was launched.
[03/16 at 01:06:37] The program test was launched.
[03/16 at 01:06:38] The program test was launched.
[03/16 at 01:06:39] The program test was launched.
[03/16 at 01:06:40] The program test was launched.
[03/16 at 01:06:40] The program test was launched.
[03/16 at 01:06:47] The program test was stopped.
[03/16 at 01:06:48] The program test was stopped.
[03/16 at 01:06:50] The program test was stopped.
[03/16 at 01:06:51] The program test was stopped.
[03/16 at 01:06:52] The program test was stopped.
[03/16 at 01:06:56] The program test was stopped.
[03/16 at 01:06:57] The program test was stopped.
[03/16 at 01:06:58] The program test was stopped.
[03/16 at 01:06:59] The program petit_test was launched.
[03/16 at 01:06:59] The program test was stopped.
[03/16 at 01:07:00] The program petit_test was launched.
[03/16 at 01:07:00] The program test was stopped.
[03/16 at 01:07:00] The program petit_test was launched.
[03/16 at 01:07:01] The program petit_test was launched.
[03/16 at 01:07:01] The program petit_test was launched.
[03/16 at 01:07:01] The program petit_test was launched.
[03/16 at 01:07:01] The program test was stopped.
[03/16 at 01:07:01] The program petit_test was launched.
[03/16 at 01:07:02] The program petit_test was launched.
[03/16 at 01:07:02] The program petit_test was launched.
[03/16 at 01:07:02] The program petit_test was launched.
[03/16 at 01:07:03] The program petit_test was launched.
[03/16 at 01:07:03] The program petit_test was launched.
[03/16 at 01:07:03] The program petit_test was launched.
[03/16 at 01:07:03] The program petit_test was launched.
[03/16 at 01:07:04] The program petit_test was launched.
[03/16 at 01:07:04] The program petit_test was launched.
[03/16 at 01:07:06] The program petit_test was launched.
[03/16 at 01:07:06] The program petit_test was launched.
[03/16 at 01:07:06] The program petit_test was launched.
[03/16 at 01:07:06] The program petit_test was launched.
[03/16 at 01:07:07] The program petit_test was launched.
[03/16 at 01:07:07] The program petit_test was launched.
[03/16 at 01:07:07] The program petit_test was launched.
[03/16 at 01:07:07] The program petit_test was launched.
[03/16 at 01:07:07] The program petit_test was launched.
[03/16 at 01:07:08] The program petit_test was launched.
[03/16 at 01:07:08] The program petit_test was launched.
[03/16 at 01:07:08] The program petit_test was launched.
[03/16 at 01:07:08] The program petit_test was launched.
[03/16 at 01:07:08] The program petit_test was launched.
[03/16 at 01:07:09] The program petit_test was launched.
[03/16 at 01:07:09] The program petit_test was launched.
[03/16 at 01:07:09] The program petit_test was launched.
[03/16 at 01:07:09] The program petit_test was launched.
[03/16 at 01:07:09] The program petit_test was launched.
[03/16 at 01:07:10] The program petit_test was launched.
[03/16 at 01:07:10] The program petit_test was launched.
[03/16 at 01:07:10] The program petit_test was launched.
[03/16 at 01:07:10] The program petit_test was launched.
[03/16 at 01:07:11] The program petit_test was launched.
[03/16 at 01:07:11] The program petit_test was launched.
[03/16 at 01:07:11] The program petit_test was launched.
[03/16 at 01:07:11] The program petit_test was launched.
[03/16 at 01:07:12] The program petit_test was launched.
[03/16 at 01:07:12] The program petit_test was launched.
[03/16 at 01:07:12] The program petit_test was launched.
[03/16 at 01:07:12] The program petit_test was launched.
[03/16 at 01:07:12] The program petit_test was launched.
[03/16 at 01:07:13] The program petit_test was launched.
[03/16 at 01:07:13] The program petit_test was launched.
[03/16 at 01:07:13] The program petit_test was launched.
[03/16 at 01:07:13] The program petit_test was launched.
[03/16 at 01:07:13] The program petit_test was launched.
[03/16 at 01:07:14] The program petit_test was launched.
[03/16 at 01:07:14] The program petit_test was launched.
[03/16 at 01:07:14] The program petit_test was launched.
[03/16 at 01:07:14] The program petit_test was launched.
[03/16 at 01:07:14] The program petit_test was launched.
[03/16 at 01:07:15] The program petit_test was launched.
[03/16 at 01:07:15] The program petit_test was launched.
[03/16 at 01:07:15] The program petit_test was launched.
[03/16 at 01:07:15] The program petit_test was launched.
[03/16 at 01:07:15] The program petit_test was launched.
[03/16 at 01:07:16] The program petit_test was launched.
[03/16 at 01:07:16] The program petit_test was launched.
[03/16 at 01:07:16] The program petit_test was launched.
[03/16 at 01:07:16] The program petit_test was launched.
[03/16 at 01:07:16] The program petit_test was launched.
[03/16 at 01:07:17] The program petit_test was launched.
[03/16 at 01:07:17] The program petit_test was launched.
[03/16 at 01:07:17] The program petit_test was launched.
[03/16 at 01:07:17] The program petit_test was launched.
[03/16 at 01:07:17] The program petit_test was launched.
[03/16 at 01:07:18] The program petit_test was launched.
[03/16 at 01:07:18] The program petit_test was launched.
[03/16 at 01:07:18] The program petit_test was launched.
[03/16 at 01:07:18] The program petit_test was launched.
[03/16 at 01:07:19] The program petit_test was launched.
[03/16 at 01:07:19] The program petit_test was launched.
[03/16 at 01:07:19] The program petit_test was launched.
[03/16 at 01:07:19] The program petit_test was launched.
[03/16 at 01:07:19] The program petit_test was launched.
[03/16 at 01:07:20] The program petit_test was launched.
[03/16 at 01:07:20] The program petit_test was launched.
[03/16 at 01:07:20] The program petit_test was launched.
[03/16 at 01:07:20] The program petit_test was launched.
[03/16 at 01:07:21] The program petit_test was launched.
[03/16 at 01:07:21] The program petit_test was launched.
[03/16 at 01:07:21] The program petit_test was launched.
[03/16 at 01:07:21] The program petit_test was launched.
[03/16 at 01:07:21] The program petit_test was launched.
[03/16 at 01:07:22] The program petit_test was launched.
[03/16 at 01:07:22] The program petit_test was launched.
[03/16 at 01:07:22] The program petit_test was launched.
[03/16 at 01:07:22] The program petit_test was launched.
[03/16 at 01:07:22] The program petit_test was launched.
[03/16 at 01:07:23] The program petit_test was launched.
[03/16 at 01:07:23] The program petit_test was launched.
[03/16 at 01:07:23] The program petit_test was launched.
[03/16 at 01:07:23] The program petit_test was launched.
[03/16 at 01:07:23] The program petit_test was launched.
[03/16 at 01:07:24] The program petit_test was launched.
[03/16 at 01:07:24] The program petit_test was launched.
[03/16 at 01:07:24] The program petit_test was launched.
[03/16 at 01:07:24] The program petit_test was launched.
[03/16 at 01:07:24] The program petit_test was launched.
[03/16 at 01:07:24] The program petit_test was launched.
[03/16 at 01:07:25] The program petit_test was launched.
[03/16 at 01:07:25] The program petit_test was launched.
[03/16 at 01:07:25] The program petit_test was launched.
[03/16 at 01:07:25] The program petit_test was launched.
[03/16 at 01:07:25] The program petit_test was launched.
[03/16 at 01:07:26] The program petit_test was launched.
[03/16 at 01:07:26] The program petit_test was launched.
[03/16 at 01:07:26] The program petit_test was launched.
[03/16 at 01:07:26] The program petit_test was launched.
[03/16 at 01:07:27] The program petit_test was launched.
[03/16 at 01:07:27] The program petit_test was launched.
[03/16 at 01:07:27] The program petit_test was launched.
[03/16 at 01:07:27] The program petit_test was launched.
[03/16 at 01:07:27] The program petit_test was launched.
[03/16 at 01:07:28] The program petit_test was launched.
[03/16 at 01:07:28] The program petit_test was launched.
[03/16 at 01:07:28] The program petit_test was launched.
[03/16 at 01:07:28] The program petit_test was launched.
[03/16 at 01:07:28] The program petit_test was launched.
[03/16 at 01:07:29] The program petit_test was launched.
[03/16 at 01:07:29] The program petit_test was launched.
[03/16 at 01:07:29] The program petit_test was launched.
[03/16 at 01:07:29] The program petit_test was launched.
[03/16 at 01:07:29] The program petit_test was launched.
[03/16 at 01:07:30] The program petit_test was launched.
[03/16 at 01:07:30] The program petit_test was launched.
[03/16 at 01:07:30] The program petit_test was launched.
[03/16 at 01:07:30] The program petit_test was launched.
[03/16 at 01:07:30] The program petit_test was launched.
[03/16 at 01:07:31] The program petit_test was launched.
[03/16 at 01:07:31] The program petit_test was launched.
[03/16 at 01:07:31] The program petit_test was launched.
[03/16 at 01:07:31] The program petit_test was launched.
[03/16 at 01:07:31] The program petit_test was launched.
[03/16 at 01:07:32] The program petit_test was launched.
[03/16 at 01:07:32] The program petit_test was launched.
[03/16 at 01:07:32] The program petit_test was launched.
[03/16 at 01:07:32] The program petit_test was launched.
[03/16 at 01:07:32] The program petit_test was launched.
[03/16 at 01:07:32] The program petit_test was launched.
[03/16 at 01:07:33] The program petit_test was launched.
[03/16 at 01:07:33] The program petit_test was launched.
[03/16 at 01:07:33] The program petit_test was launched.
[03/16 at 01:07:33] The program petit_test was launched.
[03/16 at 01:07:34] The program petit_test was launched.
[03/16 at 01:07:34] The program petit_test was launched.
[03/16 at 01:07:34] The program petit_test was launched.
[03/16 at 01:08:11] The program petit_test was launched.
[03/16 at 01:08:12] The program petit_test was launched.
[03/16 at 01:08:12] The program petit_test was launched.
[03/16 at 01:08:13] The program petit_test was launched.
[03/16 at 01:08:13] The program petit_test was launched.
[03/16 at 01:08:13] The program petit_test was launched.
[03/16 at 01:08:14] The program petit_test was launched.
[03/16 at 01:08:14] The program petit_test was launched.
[03/16 at 01:08:14] The program petit_test was launched.
[03/16 at 01:08:14] The program petit_test was launched.
[03/16 at 01:08:15] The program petit_test was launched.
[03/16 at 01:08:15] The program petit_test was launched.
[03/16 at 01:08:15] The program petit_test was launched.
[03/16 at 01:08:15] The program petit_test was launched.
[03/16 at 01:08:16] The program petit_test was launched.
[03/16 at 01:08:16] The program petit_test was launched.
[03/16 at 01:08:16] The program petit_test was launched.
[03/16 at 01:08:16] The program petit_test was launched.
[03/16 at 01:08:17] The program petit_test was launched.
[03/16 at 01:08:17] The program petit_test was launched.
[03/16 at 01:08:17] The program petit_test was launched.
[03/16 at 01:08:17] The program petit_test was launched.
[03/16 at 01:08:18] The program petit_test was launched.
[03/16 at 01:08:18] The program petit_test was launched.
[03/16 at 01:08:19] The program petit_test was launched.
[03/16 at 01:08:20] The program petit_test was launched.
[03/16 at 01:08:20] The program petit_test was launched.
[03/16 at 01:08:20] The program petit_test was launched.
[03/16 at 01:08:20] The program petit_test was launched.
[03/16 at 01:08:20] The program petit_test was launched.
[03/16 at 01:08:21] The program petit_test was launched.
[03/16 at 01:08:21] The program petit_test was launched.
[03/16 at 01:08:21] The program petit_test was launched.
[03/16 at 01:08:21] The program petit_test was launched.
[03/16 at 01:08:21] The program petit_test was launched.
[03/16 at 01:08:22] The program petit_test was launched.
[03/16 at 01:08:22] The program petit_test was launched.
[03/16 at 01:08:22] The program petit_test was launched.
[03/16 at 01:08:22] The program petit_test was launched.
[03/16 at 01:08:22] The program petit_test was launched.
[03/16 at 01:08:23] The program petit_test was launched.
[03/16 at 01:08:23] The program petit_test was launched.
[03/16 at 01:08:23] The program petit_test was launched.
[03/16 at 01:08:23] The program petit_test was launched.
[03/16 at 01:08:23] The program petit_test was launched.
[03/16 at 01:08:24] The program petit_test was launched.
[03/16 at 01:08:24] The program petit_test was launched.
[03/16 at 01:08:24] The program petit_test was launched.
[03/16 at 01:08:24] The program petit_test was launched.
[03/16 at 01:08:25] The program petit_test was launched.
[03/16 at 01:08:25] The program petit_test was launched.
[03/16 at 01:08:25] The program petit_test was launched.
[03/16 at 01:08:25] The program petit_test was launched.
[03/16 at 01:08:25] The program petit_test was launched.
[03/16 at 01:08:26] The program petit_test was launched.
[03/16 at 01:08:26] The program petit_test was launched.
[03/16 at 01:08:26] The program petit_test was launched.
[03/16 at 01:08:26] The program petit_test was launched.
[03/16 at 01:08:26] The program petit_test was launched.
[03/16 at 01:08:27] The program petit_test was launched.
[03/16 at 01:08:27] The program petit_test was launched.
[03/16 at 01:08:27] The program petit_test was launched.
[03/16 at 01:08:27] The program petit_test was launched.
[03/16 at 01:08:27] The program petit_test was launched.
[03/16 at 01:08:34] The program test was launched.
[03/16 at 01:08:38] The program test was launched.
[03/16 at 01:08:43] The program test was launched.
[03/16 at 01:08:43] Trying to launch a process not found (tet)
[03/16 at 01:08:54] The program petit_test was launched.
[03/16 at 01:08:55] The program petit_test was launched.
[03/16 at 01:08:56] The program petit_test was launched.
[03/16 at 01:08:57] The program test was stopped.
[03/16 at 01:08:57] The program petit_test was launched.
[03/16 at 01:08:59] The program petit_test was launched.
[03/16 at 01:09:01] The program petit_test was launched.
[03/16 at 01:09:02] The program test was stopped.
[03/16 at 01:09:03] The program petit_test was launched.
[03/16 at 01:09:03] The program petit_test was launched.
[03/16 at 01:09:05] The program petit_test was launched.
[03/16 at 01:09:06] The program petit_test was launched.
[03/16 at 01:09:06] The program test was stopped.
[03/16 at 01:09:07] The program petit_test was launched.
[03/16 at 01:09:08] The program petit_test was launched.
[03/16 at 01:09:09] The program petit_test was launched.
[03/16 at 01:09:10] The program petit_test was launched.
[03/16 at 01:09:11] The program petit_test was launched.
[03/16 at 01:09:12] The program petit_test was launched.
[03/16 at 01:09:13] The program petit_test was launched.
[03/16 at 01:09:14] The program petit_test was launched.
[03/16 at 01:09:15] The program petit_test was launched.
[03/16 at 01:09:16] The program petit_test was launched.
[03/16 at 01:09:41] The program petit_test was launched.
[03/16 at 01:09:45] The program petit_test was launched.
[03/16 at 01:09:46] The program petit_test was launched.
[03/16 at 01:09:47] The program petit_test was launched.
[03/16 at 01:09:48] The program petit_test was launched.
[03/16 at 01:09:49] The program petit_test was launched.
[03/16 at 01:09:50] The program petit_test was launched.
[03/16 at 01:10:08] The program petit_test was launched.
[03/16 at 01:10:13] The program petit_test was launched.
[03/16 at 01:10:14] The program petit_test was launched.
[03/16 at 01:10:15] The program petit_test was launched.
[03/16 at 01:10:15] The program petit_test was launched.
[03/16 at 01:10:15] The program petit_test was launched.
[03/16 at 01:10:15] The program petit_test was launched.
[03/16 at 01:10:16] The program petit_test was launched.
[03/16 at 01:10:16] The program petit_test was launched.
[03/16 at 01:10:16] The program petit_test was launched.
[03/16 at 01:10:17] The program petit_test was launched.
[03/16 at 01:10:17] The program petit_test was launched.
[03/16 at 01:10:18] The program petit_test was launched.
[03/16 at 01:10:18] The program petit_test was launched.
[03/16 at 01:10:18] The program petit_test was launched.
[03/16 at 01:10:18] The program petit_test was launched.
[03/16 at 01:10:19] The program petit_test was launched.
[03/16 at 01:10:20] The program petit_test was launched.
[03/16 at 01:10:20] The program petit_test was launched.
[03/16 at 01:10:20] The program petit_test was launched.
[03/16 at 01:10:20] The program petit_test was launched.
[03/16 at 01:10:20] The program petit_test was launched.
[03/16 at 01:10:21] The program petit_test was launched.
[03/16 at 01:10:21] The program petit_test was launched.
[03/16 at 01:10:21] The program petit_test was launched.
[03/16 at 01:10:21] The program petit_test was launched.
[03/16 at 01:10:21] The program petit_test was launched.
[03/16 at 01:10:22] The program petit_test was launched.
[03/16 at 01:10:22] The program petit_test was launched.
[03/16 at 01:10:22] The program petit_test was launched.
[03/16 at 01:10:22] The program petit_test was launched.
[03/16 at 01:10:22] The program petit_test was launched.
[03/16 at 01:10:23] The program petit_test was launched.
[03/16 at 01:10:23] The program petit_test was launched.
[03/16 at 01:10:23] The program petit_test was launched.
[03/16 at 01:10:23] The program petit_test was launched.
[03/16 at 01:10:23] The program petit_test was launched.
[03/16 at 01:10:24] The program petit_test was launched.
[03/16 at 01:10:24] The program petit_test was launched.
[03/16 at 01:10:24] The program petit_test was launched.
[03/16 at 01:10:24] The program petit_test was launched.
[03/16 at 01:10:24] The program petit_test was launched.
[03/16 at 01:10:25] The program petit_test was launched.
[03/16 at 01:10:25] The program petit_test was launched.
[03/16 at 01:10:25] The program petit_test was launched.
[03/16 at 01:10:25] The program petit_test was launched.
[03/16 at 01:10:25] The program petit_test was launched.
[03/16 at 01:10:26] The program petit_test was launched.
[03/16 at 01:10:26] The program petit_test was launched.
[03/16 at 01:10:26] The program petit_test was launched.
[03/16 at 01:10:26] The program petit_test was launched.
[03/16 at 01:10:26] The program petit_test was launched.
[03/16 at 01:10:27] The program petit_test was launched.
[03/16 at 01:10:27] The program petit_test was launched.
[03/16 at 01:10:27] The program petit_test was launched.
[03/16 at 01:10:27] The program petit_test was launched.
[03/16 at 01:10:27] The program petit_test was launched.
[03/16 at 01:10:28] The program petit_test was launched.
[03/16 at 01:10:28] The program petit_test was launched.
[03/16 at 01:10:28] The program petit_test was launched.
[03/16 at 01:10:28] The program petit_test was launched.
[03/16 at 01:10:29] The program petit_test was launched.
[03/16 at 01:10:29] The program petit_test was launched.
[03/16 at 01:10:29] The program petit_test was launched.
[03/16 at 01:10:29] The program petit_test was launched.
[03/16 at 01:10:29] The program petit_test was launched.
[03/16 at 01:10:30] The program petit_test was launched.
[03/16 at 01:10:30] The program petit_test was launched.
[03/16 at 01:10:30] The program petit_test was launched.
[03/16 at 01:10:30] The program petit_test was launched.
[03/16 at 01:10:30] The program petit_test was launched.
[03/16 at 01:10:31] The program petit_test was launched.
[03/16 at 01:10:31] The program petit_test was launched.
[03/16 at 01:10:31] The program petit_test was launched.
[03/16 at 01:10:31] The program petit_test was launched.
[03/16 at 01:10:32] The program petit_test was launched.
[03/16 at 01:10:32] The program petit_test was launched.
[03/16 at 01:10:32] The program petit_test was launched.
[03/16 at 01:10:32] The program petit_test was launched.
[03/16 at 01:10:32] The program petit_test was launched.
[03/16 at 01:10:33] The program petit_test was launched.
[03/16 at 01:10:33] The program petit_test was launched.
[03/16 at 01:10:33] The program petit_test was launched.
[03/16 at 01:10:33] The program petit_test was launched.
[03/16 at 01:10:34] The program petit_test was launched.
[03/16 at 01:10:34] The program petit_test was launched.
[03/16 at 01:10:34] The program petit_test was launched.
[03/16 at 01:10:34] The program petit_test was launched.
[03/16 at 01:10:35] The program petit_test was launched.
[03/16 at 01:10:35] The program petit_test was launched.
[03/16 at 01:10:35] The program petit_test was launched.
[03/16 at 01:10:35] The program petit_test was launched.
[03/16 at 01:10:35] The program petit_test was launched.
[03/16 at 01:11:25] The program petit_test was launched.
[03/16 at 01:11:26] The program petit_test was launched.
[03/16 at 01:11:26] The program petit_test was launched.
[03/16 at 01:11:26] The program petit_test was launched.
[03/16 at 01:11:27] The program petit_test was launched.
[03/16 at 01:11:27] The program petit_test was launched.
[03/16 at 01:11:28] The program petit_test was launched.
[03/16 at 01:11:28] The program petit_test was launched.
[03/16 at 01:11:28] The program petit_test was launched.
[03/16 at 01:11:28] The program petit_test was launched.
[03/16 at 01:11:28] The program petit_test was launched.
[03/16 at 01:11:29] The program petit_test was launched.
[03/16 at 01:11:29] The program petit_test was launched.
[03/16 at 01:11:29] The program petit_test was launched.
[03/16 at 01:11:29] The program petit_test was launched.
[03/16 at 01:11:29] The program petit_test was launched.
[03/16 at 01:11:30] The program petit_test was launched.
[03/16 at 01:11:30] The program petit_test was launched.
[03/16 at 01:11:30] The program petit_test was launched.
[03/16 at 01:11:30] The program petit_test was launched.
[03/16 at 01:11:30] The program petit_test was launched.
[03/16 at 01:11:30] The program petit_test was launched.
[03/16 at 01:11:31] The program petit_test was launched.
[03/16 at 01:11:31] The program petit_test was launched.
[03/16 at 01:11:31] The program petit_test was launched.
[03/16 at 01:11:31] The program petit_test was launched.
[03/16 at 01:11:31] The program petit_test was launched.
[03/16 at 01:11:32] The program petit_test was launched.
[03/16 at 01:11:32] The program petit_test was launched.
[03/16 at 01:11:32] The program petit_test was launched.
[03/16 at 01:11:32] The program petit_test was launched.
[03/16 at 01:11:32] The program petit_test was launched.
[03/16 at 01:11:33] The program petit_test was launched.
[03/16 at 01:11:33] The program petit_test was launched.
[03/16 at 01:11:33] The program petit_test was launched.
[03/16 at 01:11:33] The program petit_test was launched.
[03/16 at 01:11:33] The program petit_test was launched.
[03/16 at 01:11:33] The program petit_test was launched.
[03/16 at 01:11:34] The program petit_test was launched.
[03/16 at 01:11:34] The program petit_test was launched.
[03/16 at 01:11:34] The program petit_test was launched.
[03/16 at 01:11:34] The program petit_test was launched.
[03/16 at 01:11:35] The program petit_test was launched.
[03/16 at 01:11:35] The program petit_test was launched.
[03/16 at 01:11:35] The program petit_test was launched.
[03/16 at 01:11:35] The program petit_test was launched.
[03/16 at 01:11:35] The program petit_test was launched.
[03/16 at 01:11:35] The program petit_test was launched.
[03/16 at 01:11:36] The program petit_test was launched.
[03/16 at 01:11:36] The program petit_test was launched.
[03/16 at 01:11:36] The program petit_test was launched.
[03/16 at 01:11:36] The program petit_test was launched.
[03/16 at 01:11:36] The program petit_test was launched.
[03/16 at 01:11:37] The program petit_test was launched.
[03/16 at 01:11:37] The program petit_test was launched.
[03/16 at 01:11:37] The program petit_test was launched.
[03/16 at 01:11:37] The program petit_test was launched.
[03/16 at 01:11:37] The program petit_test was launched.
[03/16 at 01:11:38] The program petit_test was launched.
[03/16 at 01:11:38] The program petit_test was launched.
[03/16 at 01:11:38] The program petit_test was launched.
[03/16 at 01:11:38] The program petit_test was launched.
[03/16 at 01:11:38] The program petit_test was launched.
[03/16 at 01:11:38] The program petit_test was launched.
[03/16 at 01:11:39] The program petit_test was launched.
[03/16 at 01:11:39] The program petit_test was launched.
[03/16 at 01:11:39] The program petit_test was launched.
[03/16 at 01:11:39] The program petit_test was launched.
[03/16 at 01:11:39] The program petit_test was launched.
[03/16 at 01:11:39] The program petit_test was launched.
[03/16 at 01:11:40] The program petit_test was launched.
[03/16 at 01:11:40] The program petit_test was launched.
[03/16 at 01:11:40] The program petit_test was launched.
[03/16 at 01:11:40] The program petit_test was launched.
[03/16 at 01:11:40] The program petit_test was launched.
[03/16 at 01:11:40] The program petit_test was launched.
[03/16 at 01:11:40] The program petit_test was launched.
[03/16 at 01:11:41] The program petit_test was launched.
[03/16 at 01:11:41] The program petit_test was launched.
[03/16 at 01:11:41] The program petit_test was launched.
[03/16 at 01:11:41] The program petit_test was launched.
[03/16 at 01:11:41] The program petit_test was launched.
[03/16 at 01:11:41] The program petit_test was launched.
[03/16 at 01:11:41] The program petit_test was launched.
[03/16 at 01:11:42] The program petit_test was launched.
[03/16 at 01:11:42] The program petit_test was launched.
[03/16 at 01:11:42] The program petit_test was launched.
[03/16 at 01:11:42] The program petit_test was launched.
[03/16 at 01:11:42] The program petit_test was launched.
[03/16 at 01:11:42] The program petit_test was launched.
[03/16 at 01:11:43] The program petit_test was launched.
[03/16 at 01:11:43] The program petit_test was launched.
[03/16 at 01:11:43] The program petit_test was launched.
[03/16 at 01:11:43] The program petit_test was launched.
[03/16 at 01:11:43] The program petit_test was launched.
[03/16 at 01:11:43] The program petit_test was launched.
[03/16 at 01:11:44] The program petit_test was launched.
[03/16 at 01:11:44] The program petit_test was launched.
[03/16 at 01:11:44] The program petit_test was launched.
[03/16 at 01:11:44] The program petit_test was launched.
[03/16 at 01:11:44] The program petit_test was launched.
[03/16 at 01:11:44] The program petit_test was launched.
[03/16 at 01:11:44] The program petit_test was launched.
[03/16 at 01:11:45] The program petit_test was launched.
[03/16 at 01:11:45] The program petit_test was launched.
[03/16 at 01:11:45] The program petit_test was launched.
[03/16 at 01:11:45] The program petit_test was launched.
[03/16 at 01:11:45] The program petit_test was launched.
[03/16 at 01:11:45] The program petit_test was launched.
[03/16 at 01:11:46] The program petit_test was launched.
[03/16 at 01:12:05] The program petit_test was launched.
[03/16 at 01:12:06] The program petit_test was launched.
[03/16 at 01:12:06] The program petit_test was launched.
[03/16 at 01:12:06] The program petit_test was launched.
[03/16 at 01:12:06] The program petit_test was launched.
[03/16 at 01:12:06] The program petit_test was launched.
[03/16 at 01:12:07] The program petit_test was launched.
[03/16 at 01:12:07] The program petit_test was launched.
[03/16 at 01:12:07] The program petit_test was launched.
[03/16 at 01:12:07] The program petit_test was launched.
[03/16 at 01:12:08] The program petit_test was launched.
[03/16 at 01:12:08] The program petit_test was launched.
[03/16 at 01:12:08] The program petit_test was launched.
[03/16 at 01:12:09] The program petit_test was launched.
[03/16 at 01:12:09] The program petit_test was launched.
[03/16 at 01:12:09] The program petit_test was launched.
[03/16 at 01:12:10] The program petit_test was launched.
[03/16 at 01:12:21] Can't launch the program lol due to an invalid working dir
[03/16 at 01:12:21] The program petit_test was launched.
[03/16 at 01:12:40] The program petit_test was launched.
[03/16 at 01:12:52] Trying to launch a process not found (edit)
[03/16 at 01:13:00] Taskmaster exited.
